[    2037ms] [WARNING] An iframe which has both allow-scripts and allow-same-origin for its sandbox attribute can escape its sandboxing. @ about:blank:0
[    3344ms] [INFO] Net state changed from IDLE to BUSY @ https://script.google.com/static/macros/client/js/2244782800-warden_bin_i18n_warden__th.js:160
[   15506ms] [INFO] Net state changed from BUSY to IDLE @ https://script.google.com/static/macros/client/js/2244782800-warden_bin_i18n_warden__th.js:160
[   47349ms] [VERBOSE] Rendering was performed in a subtree hidden by content-visibility. @ :3180
[   63292ms] [INFO] Net state changed from IDLE to BUSY @ https://script.google.com/static/macros/client/js/2244782800-warden_bin_i18n_warden__th.js:160
[   64830ms] [INFO] Net state changed from BUSY to IDLE @ https://script.google.com/static/macros/client/js/2244782800-warden_bin_i18n_warden__th.js:160
[  123292ms] [INFO] Net state changed from IDLE to BUSY @ https://script.google.com/static/macros/client/js/2244782800-warden_bin_i18n_warden__th.js:160
[  124985ms] [INFO] Net state changed from BUSY to IDLE @ https://script.google.com/static/macros/client/js/2244782800-warden_bin_i18n_warden__th.js:160
[  183303ms] [INFO] Net state changed from IDLE to BUSY @ https://script.google.com/static/macros/client/js/2244782800-warden_bin_i18n_warden__th.js:160
[  185466ms] [INFO] Net state changed from BUSY to IDLE @ https://script.google.com/static/macros/client/js/2244782800-warden_bin_i18n_warden__th.js:160
[  243294ms] [INFO] Net state changed from IDLE to BUSY @ https://script.google.com/static/macros/client/js/2244782800-warden_bin_i18n_warden__th.js:160
[  245193ms] [INFO] Net state changed from BUSY to IDLE @ https://script.google.com/static/macros/client/js/2244782800-warden_bin_i18n_warden__th.js:160
[  303291ms] [INFO] Net state changed from IDLE to BUSY @ https://script.google.com/static/macros/client/js/2244782800-warden_bin_i18n_warden__th.js:160
[  304838ms] [INFO] Net state changed from BUSY to IDLE @ https://script.google.com/static/macros/client/js/2244782800-warden_bin_i18n_warden__th.js:160
[  363303ms] [INFO] Net state changed from IDLE to BUSY @ https://script.google.com/static/macros/client/js/2244782800-warden_bin_i18n_warden__th.js:160
[  365256ms] [INFO] Net state changed from BUSY to IDLE @ https://script.google.com/static/macros/client/js/2244782800-warden_bin_i18n_warden__th.js:160
[  423295ms] [INFO] Net state changed from IDLE to BUSY @ https://script.google.com/static/macros/client/js/2244782800-warden_bin_i18n_warden__th.js:160
[  424818ms] [INFO] Net state changed from BUSY to IDLE @ https://script.google.com/static/macros/client/js/2244782800-warden_bin_i18n_warden__th.js:160
[  483291ms] [INFO] Net state changed from IDLE to BUSY @ https://script.google.com/static/macros/client/js/2244782800-warden_bin_i18n_warden__th.js:160
[  484707ms] [INFO] Net state changed from BUSY to IDLE @ https://script.google.com/static/macros/client/js/2244782800-warden_bin_i18n_warden__th.js:160
[  543300ms] [INFO] Net state changed from IDLE to BUSY @ https://script.google.com/static/macros/client/js/2244782800-warden_bin_i18n_warden__th.js:160
[  544858ms] [INFO] Net state changed from BUSY to IDLE @ https://script.google.com/static/macros/client/js/2244782800-warden_bin_i18n_warden__th.js:160
[  603304ms] [INFO] Net state changed from IDLE to BUSY @ https://script.google.com/static/macros/client/js/2244782800-warden_bin_i18n_warden__th.js:160
[  605257ms] [INFO] Net state changed from BUSY to IDLE @ https://script.google.com/static/macros/client/js/2244782800-warden_bin_i18n_warden__th.js:160
[  643550ms] [WARNING] An iframe which has both allow-scripts and allow-same-origin for its sandbox attribute can escape its sandboxing. @ about:blank:0
[  644118ms] [INFO] Net state changed from IDLE to BUSY @ https://script.google.com/static/macros/client/js/2244782800-warden_bin_i18n_warden__th.js:160
[  645882ms] [INFO] Net state changed from BUSY to IDLE @ https://script.google.com/static/macros/client/js/2244782800-warden_bin_i18n_warden__th.js:160
[  704117ms] [INFO] Net state changed from IDLE to BUSY @ https://script.google.com/static/macros/client/js/2244782800-warden_bin_i18n_warden__th.js:160
[  705506ms] [INFO] Net state changed from BUSY to IDLE @ https://script.google.com/static/macros/client/js/2244782800-warden_bin_i18n_warden__th.js:160
[  764122ms] [INFO] Net state changed from IDLE to BUSY @ https://script.google.com/static/macros/client/js/2244782800-warden_bin_i18n_warden__th.js:160
[  765534ms] [INFO] Net state changed from BUSY to IDLE @ https://script.google.com/static/macros/client/js/2244782800-warden_bin_i18n_warden__th.js:160
[  824121ms] [INFO] Net state changed from IDLE to BUSY @ https://script.google.com/static/macros/client/js/2244782800-warden_bin_i18n_warden__th.js:160
[  825504ms] [INFO] Net state changed from BUSY to IDLE @ https://script.google.com/static/macros/client/js/2244782800-warden_bin_i18n_warden__th.js:160
[  884118ms] [INFO] Net state changed from IDLE to BUSY @ https://script.google.com/static/macros/client/js/2244782800-warden_bin_i18n_warden__th.js:160
[  885855ms] [INFO] Net state changed from BUSY to IDLE @ https://script.google.com/static/macros/client/js/2244782800-warden_bin_i18n_warden__th.js:160
[  944120ms] [INFO] Net state changed from IDLE to BUSY @ https://script.google.com/static/macros/client/js/2244782800-warden_bin_i18n_warden__th.js:160
[  946290ms] [INFO] Net state changed from BUSY to IDLE @ https://script.google.com/static/macros/client/js/2244782800-warden_bin_i18n_warden__th.js:160
[ 1004112ms] [INFO] Net state changed from IDLE to BUSY @ https://script.google.com/static/macros/client/js/2244782800-warden_bin_i18n_warden__th.js:160
[ 1005794ms] [INFO] Net state changed from BUSY to IDLE @ https://script.google.com/static/macros/client/js/2244782800-warden_bin_i18n_warden__th.js:160
[ 1064120ms] [INFO] Net state changed from IDLE to BUSY @ https://script.google.com/static/macros/client/js/2244782800-warden_bin_i18n_warden__th.js:160
[ 1066325ms] [INFO] Net state changed from BUSY to IDLE @ https://script.google.com/static/macros/client/js/2244782800-warden_bin_i18n_warden__th.js:160
[ 1124116ms] [INFO] Net state changed from IDLE to BUSY @ https://script.google.com/static/macros/client/js/2244782800-warden_bin_i18n_warden__th.js:160
[ 1125844ms] [INFO] Net state changed from BUSY to IDLE @ https://script.google.com/static/macros/client/js/2244782800-warden_bin_i18n_warden__th.js:160
[ 1184120ms] [INFO] Net state changed from IDLE to BUSY @ https://script.google.com/static/macros/client/js/2244782800-warden_bin_i18n_warden__th.js:160
[ 1185646ms] [INFO] Net state changed from BUSY to IDLE @ https://script.google.com/static/macros/client/js/2244782800-warden_bin_i18n_warden__th.js:160
[ 1244115ms] [INFO] Net state changed from IDLE to BUSY @ https://script.google.com/static/macros/client/js/2244782800-warden_bin_i18n_warden__th.js:160
[ 1245876ms] [INFO] Net state changed from BUSY to IDLE @ https://script.google.com/static/macros/client/js/2244782800-warden_bin_i18n_warden__th.js:160
[ 1304120ms] [INFO] Net state changed from IDLE to BUSY @ https://script.google.com/static/macros/client/js/2244782800-warden_bin_i18n_warden__th.js:160
[ 1306639ms] [INFO] Net state changed from BUSY to IDLE @ https://script.google.com/static/macros/client/js/2244782800-warden_bin_i18n_warden__th.js:160
[ 1364112ms] [INFO] Net state changed from IDLE to BUSY @ https://script.google.com/static/macros/client/js/2244782800-warden_bin_i18n_warden__th.js:160
[ 1365832ms] [INFO] Net state changed from BUSY to IDLE @ https://script.google.com/static/macros/client/js/2244782800-warden_bin_i18n_warden__th.js:160
[ 1424123ms] [INFO] Net state changed from IDLE to BUSY @ https://script.google.com/static/macros/client/js/2244782800-warden_bin_i18n_warden__th.js:160
[ 1425971ms] [INFO] Net state changed from BUSY to IDLE @ https://script.google.com/static/macros/client/js/2244782800-warden_bin_i18n_warden__th.js:160
[ 1484119ms] [INFO] Net state changed from IDLE to BUSY @ https://script.google.com/static/macros/client/js/2244782800-warden_bin_i18n_warden__th.js:160
[ 1486147ms] [INFO] Net state changed from BUSY to IDLE @ https://script.google.com/static/macros/client/js/2244782800-warden_bin_i18n_warden__th.js:160
[ 1544115ms] [INFO] Net state changed from IDLE to BUSY @ https://script.google.com/static/macros/client/js/2244782800-warden_bin_i18n_warden__th.js:160
[ 1546610ms] [INFO] Net state changed from BUSY to IDLE @ https://script.google.com/static/macros/client/js/2244782800-warden_bin_i18n_warden__th.js:160
[ 1604115ms] [INFO] Net state changed from IDLE to BUSY @ https://script.google.com/static/macros/client/js/2244782800-warden_bin_i18n_warden__th.js:160
[ 1607346ms] [INFO] Net state changed from BUSY to IDLE @ https://script.google.com/static/macros/client/js/2244782800-warden_bin_i18n_warden__th.js:160
[ 1664118ms] [INFO] Net state changed from IDLE to BUSY @ https://script.google.com/static/macros/client/js/2244782800-warden_bin_i18n_warden__th.js:160
[ 1665625ms] [INFO] Net state changed from BUSY to IDLE @ https://script.google.com/static/macros/client/js/2244782800-warden_bin_i18n_warden__th.js:160
[ 1724118ms] [INFO] Net state changed from IDLE to BUSY @ https://script.google.com/static/macros/client/js/2244782800-warden_bin_i18n_warden__th.js:160
[ 1726074ms] [INFO] Net state changed from BUSY to IDLE @ https://script.google.com/static/macros/client/js/2244782800-warden_bin_i18n_warden__th.js:160
[ 1784122ms] [INFO] Net state changed from IDLE to BUSY @ https://script.google.com/static/macros/client/js/2244782800-warden_bin_i18n_warden__th.js:160
[ 1785882ms] [INFO] Net state changed from BUSY to IDLE @ https://script.google.com/static/macros/client/js/2244782800-warden_bin_i18n_warden__th.js:160
[ 1844122ms] [INFO] Net state changed from IDLE to BUSY @ https://script.google.com/static/macros/client/js/2244782800-warden_bin_i18n_warden__th.js:160
[ 1845787ms] [INFO] Net state changed from BUSY to IDLE @ https://script.google.com/static/macros/client/js/2244782800-warden_bin_i18n_warden__th.js:160
[ 1904125ms] [INFO] Net state changed from IDLE to BUSY @ https://script.google.com/static/macros/client/js/2244782800-warden_bin_i18n_warden__th.js:160
[ 1906168ms] [INFO] Net state changed from BUSY to IDLE @ https://script.google.com/static/macros/client/js/2244782800-warden_bin_i18n_warden__th.js:160
[ 1964120ms] [INFO] Net state changed from IDLE to BUSY @ https://script.google.com/static/macros/client/js/2244782800-warden_bin_i18n_warden__th.js:160
[ 1966717ms] [INFO] Net state changed from BUSY to IDLE @ https://script.google.com/static/macros/client/js/2244782800-warden_bin_i18n_warden__th.js:160
[ 2024117ms] [INFO] Net state changed from IDLE to BUSY @ https://script.google.com/static/macros/client/js/2244782800-warden_bin_i18n_warden__th.js:160
[ 2026825ms] [INFO] Net state changed from BUSY to IDLE @ https://script.google.com/static/macros/client/js/2244782800-warden_bin_i18n_warden__th.js:160
[ 2084116ms] [INFO] Net state changed from IDLE to BUSY @ https://script.google.com/static/macros/client/js/2244782800-warden_bin_i18n_warden__th.js:160
[ 2086330ms] [INFO] Net state changed from BUSY to IDLE @ https://script.google.com/static/macros/client/js/2244782800-warden_bin_i18n_warden__th.js:160
[ 2144116ms] [INFO] Net state changed from IDLE to BUSY @ https://script.google.com/static/macros/client/js/2244782800-warden_bin_i18n_warden__th.js:160
[ 2145921ms] [INFO] Net state changed from BUSY to IDLE @ https://script.google.com/static/macros/client/js/2244782800-warden_bin_i18n_warden__th.js:160
[ 2204117ms] [INFO] Net state changed from IDLE to BUSY @ https://script.google.com/static/macros/client/js/2244782800-warden_bin_i18n_warden__th.js:160
[ 2206252ms] [INFO] Net state changed from BUSY to IDLE @ https://script.google.com/static/macros/client/js/2244782800-warden_bin_i18n_warden__th.js:160
[ 2264115ms] [INFO] Net state changed from IDLE to BUSY @ https://script.google.com/static/macros/client/js/2244782800-warden_bin_i18n_warden__th.js:160
[ 2265895ms] [INFO] Net state changed from BUSY to IDLE @ https://script.google.com/static/macros/client/js/2244782800-warden_bin_i18n_warden__th.js:160
[ 2324124ms] [INFO] Net state changed from IDLE to BUSY @ https://script.google.com/static/macros/client/js/2244782800-warden_bin_i18n_warden__th.js:160
[ 2325837ms] [INFO] Net state changed from BUSY to IDLE @ https://script.google.com/static/macros/client/js/2244782800-warden_bin_i18n_warden__th.js:160
[ 2384114ms] [INFO] Net state changed from IDLE to BUSY @ https://script.google.com/static/macros/client/js/2244782800-warden_bin_i18n_warden__th.js:160
[ 2385550ms] [INFO] Net state changed from BUSY to IDLE @ https://script.google.com/static/macros/client/js/2244782800-warden_bin_i18n_warden__th.js:160
[ 2444121ms] [INFO] Net state changed from IDLE to BUSY @ https://script.google.com/static/macros/client/js/2244782800-warden_bin_i18n_warden__th.js:160
[ 2445650ms] [INFO] Net state changed from BUSY to IDLE @ https://script.google.com/static/macros/client/js/2244782800-warden_bin_i18n_warden__th.js:160
[ 2504126ms] [INFO] Net state changed from IDLE to BUSY @ https://script.google.com/static/macros/client/js/2244782800-warden_bin_i18n_warden__th.js:160
[ 2505902ms] [INFO] Net state changed from BUSY to IDLE @ https://script.google.com/static/macros/client/js/2244782800-warden_bin_i18n_warden__th.js:160
[ 2564115ms] [INFO] Net state changed from IDLE to BUSY @ https://script.google.com/static/macros/client/js/2244782800-warden_bin_i18n_warden__th.js:160
[ 2566032ms] [INFO] Net state changed from BUSY to IDLE @ https://script.google.com/static/macros/client/js/2244782800-warden_bin_i18n_warden__th.js:160
[ 2624114ms] [INFO] Net state changed from IDLE to BUSY @ https://script.google.com/static/macros/client/js/2244782800-warden_bin_i18n_warden__th.js:160
[ 2626029ms] [INFO] Net state changed from BUSY to IDLE @ https://script.google.com/static/macros/client/js/2244782800-warden_bin_i18n_warden__th.js:160
[ 2684125ms] [INFO] Net state changed from IDLE to BUSY @ https://script.google.com/static/macros/client/js/2244782800-warden_bin_i18n_warden__th.js:160
[ 2685590ms] [INFO] Net state changed from BUSY to IDLE @ https://script.google.com/static/macros/client/js/2244782800-warden_bin_i18n_warden__th.js:160
[ 2744112ms] [INFO] Net state changed from IDLE to BUSY @ https://script.google.com/static/macros/client/js/2244782800-warden_bin_i18n_warden__th.js:160
[ 2746466ms] [INFO] Net state changed from BUSY to IDLE @ https://script.google.com/static/macros/client/js/2244782800-warden_bin_i18n_warden__th.js:160
[ 2804117ms] [INFO] Net state changed from IDLE to BUSY @ https://script.google.com/static/macros/client/js/2244782800-warden_bin_i18n_warden__th.js:160
[ 2806012ms] [INFO] Net state changed from BUSY to IDLE @ https://script.google.com/static/macros/client/js/2244782800-warden_bin_i18n_warden__th.js:160
[ 2864124ms] [INFO] Net state changed from IDLE to BUSY @ https://script.google.com/static/macros/client/js/2244782800-warden_bin_i18n_warden__th.js:160
[ 2866080ms] [INFO] Net state changed from BUSY to IDLE @ https://script.google.com/static/macros/client/js/2244782800-warden_bin_i18n_warden__th.js:160
[ 2924112ms] [INFO] Net state changed from IDLE to BUSY @ https://script.google.com/static/macros/client/js/2244782800-warden_bin_i18n_warden__th.js:160
[ 2925750ms] [INFO] Net state changed from BUSY to IDLE @ https://script.google.com/static/macros/client/js/2244782800-warden_bin_i18n_warden__th.js:160
[ 2984122ms] [INFO] Net state changed from IDLE to BUSY @ https://script.google.com/static/macros/client/js/2244782800-warden_bin_i18n_warden__th.js:160
[ 2986062ms] [INFO] Net state changed from BUSY to IDLE @ https://script.google.com/static/macros/client/js/2244782800-warden_bin_i18n_warden__th.js:160
[ 3044121ms] [INFO] Net state changed from IDLE to BUSY @ https://script.google.com/static/macros/client/js/2244782800-warden_bin_i18n_warden__th.js:160
[ 3046023ms] [INFO] Net state changed from BUSY to IDLE @ https://script.google.com/static/macros/client/js/2244782800-warden_bin_i18n_warden__th.js:160
