[     148ms] [ERROR] Failed to load resource: the server responded with a status of 404 (Not Found) @ http://hydro.md.go.th/MD/FilesUpload/ImagesPersonal/imgps.png:0
[     456ms] [WARNING] Google Maps JavaScript API has been loaded directly without loading=async. This can result in suboptimal performance. For best-practice loading patterns please see https://goo.gle/js-api-loading @ https://maps.googleapis.com/maps/api/js?key=AIzaSyAOqGZaCwdhH9AKyeFSZJe73NgqJwY_7M0:322
[     458ms] [WARNING] google.maps.event.addDomListener() is deprecated, use the standard
addEventListener() method instead:
https://developer.mozilla.org/docs/Web/API/EventTarget/addEventListener
The feature will continue to work and there is no plan to decommission
it. @ https://maps.googleapis.com/maps/api/js?key=AIzaSyAOqGZaCwdhH9AKyeFSZJe73NgqJwY_7M0:207
[    1283ms] [WARNING] As of February 21st, 2024, google.maps.Marker is deprecated. Please use google.maps.marker.AdvancedMarkerElement instead. At this time, google.maps.Marker is not scheduled to be discontinued, but google.maps.marker.AdvancedMarkerElement is recommended over google.maps.Marker. While google.maps.Marker will continue to receive bug fixes for any major regressions, existing bugs in google.maps.Marker will not be addressed. At least 12 months notice will be given before support is discontinued. Please see https://developers.google.com/maps/deprecations for additional details and https://developers.google.com/maps/documentation/javascript/advanced-markers/migration for the migration guide. @ https://maps.googleapis.com/maps/api/js?key=AIzaSyAOqGZaCwdhH9AKyeFSZJe73NgqJwY_7M0:421
[    1283ms] [LOG] MD01 @ http://hydro.md.go.th/Scripts/SiteMD/GoogleMap.js:94
[    1283ms] [LOG] MD02 @ http://hydro.md.go.th/Scripts/SiteMD/GoogleMap.js:94
[    1283ms] [LOG] MD03 @ http://hydro.md.go.th/Scripts/SiteMD/GoogleMap.js:94
[    1283ms] [LOG] MD04 @ http://hydro.md.go.th/Scripts/SiteMD/GoogleMap.js:94
[    1283ms] [LOG] MD05 @ http://hydro.md.go.th/Scripts/SiteMD/GoogleMap.js:94
[    1283ms] [LOG] MD06 @ http://hydro.md.go.th/Scripts/SiteMD/GoogleMap.js:94
[    1283ms] [LOG] MD07 @ http://hydro.md.go.th/Scripts/SiteMD/GoogleMap.js:94
[    1283ms] [LOG] MD08 @ http://hydro.md.go.th/Scripts/SiteMD/GoogleMap.js:94
[    1283ms] [LOG] MD09 @ http://hydro.md.go.th/Scripts/SiteMD/GoogleMap.js:94
[    1283ms] [LOG] MD10 @ http://hydro.md.go.th/Scripts/SiteMD/GoogleMap.js:94
[    1283ms] [LOG] MD11 @ http://hydro.md.go.th/Scripts/SiteMD/GoogleMap.js:94
[    1284ms] [LOG] MD12 @ http://hydro.md.go.th/Scripts/SiteMD/GoogleMap.js:94
[    1284ms] [LOG] MD13 @ http://hydro.md.go.th/Scripts/SiteMD/GoogleMap.js:94
[    1284ms] [LOG] MD14 @ http://hydro.md.go.th/Scripts/SiteMD/GoogleMap.js:94
[    1284ms] [LOG] MD15 @ http://hydro.md.go.th/Scripts/SiteMD/GoogleMap.js:94
[    1284ms] [LOG] MD16 @ http://hydro.md.go.th/Scripts/SiteMD/GoogleMap.js:94
[    1284ms] [LOG] MD17 @ http://hydro.md.go.th/Scripts/SiteMD/GoogleMap.js:94
[    1284ms] [LOG] MD18 @ http://hydro.md.go.th/Scripts/SiteMD/GoogleMap.js:94
[    1284ms] [LOG] MD19 @ http://hydro.md.go.th/Scripts/SiteMD/GoogleMap.js:94
[    1284ms] [LOG] MD20 @ http://hydro.md.go.th/Scripts/SiteMD/GoogleMap.js:94
[    1284ms] [LOG] MD21 @ http://hydro.md.go.th/Scripts/SiteMD/GoogleMap.js:94
[    1284ms] [LOG] MD22 @ http://hydro.md.go.th/Scripts/SiteMD/GoogleMap.js:94
[    1284ms] [LOG] MD23 @ http://hydro.md.go.th/Scripts/SiteMD/GoogleMap.js:94
[    1284ms] [LOG] MD24 @ http://hydro.md.go.th/Scripts/SiteMD/GoogleMap.js:94
[    1284ms] [LOG] MD25 @ http://hydro.md.go.th/Scripts/SiteMD/GoogleMap.js:94
[    1284ms] [LOG] MD26 @ http://hydro.md.go.th/Scripts/SiteMD/GoogleMap.js:94
[    1284ms] [LOG] MD27 @ http://hydro.md.go.th/Scripts/SiteMD/GoogleMap.js:94
[    1284ms] [LOG] MD28 @ http://hydro.md.go.th/Scripts/SiteMD/GoogleMap.js:94
[    1284ms] [LOG] MD29 @ http://hydro.md.go.th/Scripts/SiteMD/GoogleMap.js:94
[    1284ms] [LOG] MD30 @ http://hydro.md.go.th/Scripts/SiteMD/GoogleMap.js:94
[    1284ms] [LOG] MD31 @ http://hydro.md.go.th/Scripts/SiteMD/GoogleMap.js:94
[    1284ms] [LOG] MD32 @ http://hydro.md.go.th/Scripts/SiteMD/GoogleMap.js:94
[    1284ms] [LOG] MD33 @ http://hydro.md.go.th/Scripts/SiteMD/GoogleMap.js:94
[    1284ms] [LOG] MD34 @ http://hydro.md.go.th/Scripts/SiteMD/GoogleMap.js:94
[    1284ms] [LOG] MD35 @ http://hydro.md.go.th/Scripts/SiteMD/GoogleMap.js:94
[    1284ms] [LOG] MD36 @ http://hydro.md.go.th/Scripts/SiteMD/GoogleMap.js:94
[    1284ms] [LOG] MD37 @ http://hydro.md.go.th/Scripts/SiteMD/GoogleMap.js:94
[    1284ms] [LOG] MD38 @ http://hydro.md.go.th/Scripts/SiteMD/GoogleMap.js:94
