[    1611ms] [WARNING] An iframe which has both allow-scripts and allow-same-origin for its sandbox attribute can escape its sandboxing. @ about:blank:0
[    2118ms] [INFO] Net state changed from IDLE to BUSY @ https://script.google.com/static/macros/client/js/2244782800-warden_bin_i18n_warden__th.js:160
[    2392ms] [WARNING] Google Maps JavaScript API has been loaded directly without loading=async. This can result in suboptimal performance. For best-practice loading patterns please see https://goo.gle/js-api-loading @ https://maps.googleapis.com/maps/api/js?key=AIzaSyCUUO72fGO5HhHkmaSew6nA8InPMaM0qLE&callback=initMap:322
[    2401ms] [WARNING] As of February 21st, 2024, google.maps.Marker is deprecated. Please use google.maps.marker.AdvancedMarkerElement instead. At this time, google.maps.Marker is not scheduled to be discontinued, but google.maps.marker.AdvancedMarkerElement is recommended over google.maps.Marker. While google.maps.Marker will continue to receive bug fixes for any major regressions, existing bugs in google.maps.Marker will not be addressed. At least 12 months notice will be given before support is discontinued. Please see https://developers.google.com/maps/deprecations for additional details and https://developers.google.com/maps/documentation/javascript/advanced-markers/migration for the migration guide. @ https://maps.googleapis.com/maps/api/js?key=AIzaSyCUUO72fGO5HhHkmaSew6nA8InPMaM0qLE&callback=initMap:421
[    3827ms] [INFO] Net state changed from BUSY to IDLE @ https://script.google.com/static/macros/client/js/2244782800-warden_bin_i18n_warden__th.js:160
[   62111ms] [INFO] Net state changed from IDLE to BUSY @ https://script.google.com/static/macros/client/js/2244782800-warden_bin_i18n_warden__th.js:160
[   63788ms] [INFO] Net state changed from BUSY to IDLE @ https://script.google.com/static/macros/client/js/2244782800-warden_bin_i18n_warden__th.js:160
[  122116ms] [INFO] Net state changed from IDLE to BUSY @ https://script.google.com/static/macros/client/js/2244782800-warden_bin_i18n_warden__th.js:160
[  124189ms] [INFO] Net state changed from BUSY to IDLE @ https://script.google.com/static/macros/client/js/2244782800-warden_bin_i18n_warden__th.js:160
[  182118ms] [INFO] Net state changed from IDLE to BUSY @ https://script.google.com/static/macros/client/js/2244782800-warden_bin_i18n_warden__th.js:160
[  183814ms] [INFO] Net state changed from BUSY to IDLE @ https://script.google.com/static/macros/client/js/2244782800-warden_bin_i18n_warden__th.js:160
[  242126ms] [INFO] Net state changed from IDLE to BUSY @ https://script.google.com/static/macros/client/js/2244782800-warden_bin_i18n_warden__th.js:160
[  244074ms] [INFO] Net state changed from BUSY to IDLE @ https://script.google.com/static/macros/client/js/2244782800-warden_bin_i18n_warden__th.js:160
[  302136ms] [INFO] Net state changed from IDLE to BUSY @ https://script.google.com/static/macros/client/js/2244782800-warden_bin_i18n_warden__th.js:160
[  303914ms] [INFO] Net state changed from BUSY to IDLE @ https://script.google.com/static/macros/client/js/2244782800-warden_bin_i18n_warden__th.js:160
[  362115ms] [INFO] Net state changed from IDLE to BUSY @ https://script.google.com/static/macros/client/js/2244782800-warden_bin_i18n_warden__th.js:160
[  363989ms] [INFO] Net state changed from BUSY to IDLE @ https://script.google.com/static/macros/client/js/2244782800-warden_bin_i18n_warden__th.js:160
[  422112ms] [INFO] Net state changed from IDLE to BUSY @ https://script.google.com/static/macros/client/js/2244782800-warden_bin_i18n_warden__th.js:160
[  424074ms] [INFO] Net state changed from BUSY to IDLE @ https://script.google.com/static/macros/client/js/2244782800-warden_bin_i18n_warden__th.js:160
[  482124ms] [INFO] Net state changed from IDLE to BUSY @ https://script.google.com/static/macros/client/js/2244782800-warden_bin_i18n_warden__th.js:160
[  484307ms] [INFO] Net state changed from BUSY to IDLE @ https://script.google.com/static/macros/client/js/2244782800-warden_bin_i18n_warden__th.js:160
[  542119ms] [INFO] Net state changed from IDLE to BUSY @ https://script.google.com/static/macros/client/js/2244782800-warden_bin_i18n_warden__th.js:160
[  545569ms] [INFO] Net state changed from BUSY to IDLE @ https://script.google.com/static/macros/client/js/2244782800-warden_bin_i18n_warden__th.js:160
[  602120ms] [INFO] Net state changed from IDLE to BUSY @ https://script.google.com/static/macros/client/js/2244782800-warden_bin_i18n_warden__th.js:160
[  603839ms] [INFO] Net state changed from BUSY to IDLE @ https://script.google.com/static/macros/client/js/2244782800-warden_bin_i18n_warden__th.js:160
[  662112ms] [INFO] Net state changed from IDLE to BUSY @ https://script.google.com/static/macros/client/js/2244782800-warden_bin_i18n_warden__th.js:160
[  664141ms] [INFO] Net state changed from BUSY to IDLE @ https://script.google.com/static/macros/client/js/2244782800-warden_bin_i18n_warden__th.js:160
[  722124ms] [INFO] Net state changed from IDLE to BUSY @ https://script.google.com/static/macros/client/js/2244782800-warden_bin_i18n_warden__th.js:160
[  723993ms] [INFO] Net state changed from BUSY to IDLE @ https://script.google.com/static/macros/client/js/2244782800-warden_bin_i18n_warden__th.js:160
[  782148ms] [INFO] Net state changed from IDLE to BUSY @ https://script.google.com/static/macros/client/js/2244782800-warden_bin_i18n_warden__th.js:160
[  784004ms] [INFO] Net state changed from BUSY to IDLE @ https://script.google.com/static/macros/client/js/2244782800-warden_bin_i18n_warden__th.js:160
[  842122ms] [INFO] Net state changed from IDLE to BUSY @ https://script.google.com/static/macros/client/js/2244782800-warden_bin_i18n_warden__th.js:160
[  844382ms] [INFO] Net state changed from BUSY to IDLE @ https://script.google.com/static/macros/client/js/2244782800-warden_bin_i18n_warden__th.js:160
[  902124ms] [INFO] Net state changed from IDLE to BUSY @ https://script.google.com/static/macros/client/js/2244782800-warden_bin_i18n_warden__th.js:160
[  903890ms] [INFO] Net state changed from BUSY to IDLE @ https://script.google.com/static/macros/client/js/2244782800-warden_bin_i18n_warden__th.js:160
[  962125ms] [INFO] Net state changed from IDLE to BUSY @ https://script.google.com/static/macros/client/js/2244782800-warden_bin_i18n_warden__th.js:160
[  963673ms] [INFO] Net state changed from BUSY to IDLE @ https://script.google.com/static/macros/client/js/2244782800-warden_bin_i18n_warden__th.js:160
[ 1022124ms] [INFO] Net state changed from IDLE to BUSY @ https://script.google.com/static/macros/client/js/2244782800-warden_bin_i18n_warden__th.js:160
[ 1023822ms] [INFO] Net state changed from BUSY to IDLE @ https://script.google.com/static/macros/client/js/2244782800-warden_bin_i18n_warden__th.js:160
[ 1082123ms] [INFO] Net state changed from IDLE to BUSY @ https://script.google.com/static/macros/client/js/2244782800-warden_bin_i18n_warden__th.js:160
[ 1084043ms] [INFO] Net state changed from BUSY to IDLE @ https://script.google.com/static/macros/client/js/2244782800-warden_bin_i18n_warden__th.js:160
[ 1142119ms] [INFO] Net state changed from IDLE to BUSY @ https://script.google.com/static/macros/client/js/2244782800-warden_bin_i18n_warden__th.js:160
[ 1143771ms] [INFO] Net state changed from BUSY to IDLE @ https://script.google.com/static/macros/client/js/2244782800-warden_bin_i18n_warden__th.js:160
[ 1202113ms] [INFO] Net state changed from IDLE to BUSY @ https://script.google.com/static/macros/client/js/2244782800-warden_bin_i18n_warden__th.js:160
[ 1204071ms] [INFO] Net state changed from BUSY to IDLE @ https://script.google.com/static/macros/client/js/2244782800-warden_bin_i18n_warden__th.js:160
[ 1262128ms] [INFO] Net state changed from IDLE to BUSY @ https://script.google.com/static/macros/client/js/2244782800-warden_bin_i18n_warden__th.js:160
[ 1264289ms] [INFO] Net state changed from BUSY to IDLE @ https://script.google.com/static/macros/client/js/2244782800-warden_bin_i18n_warden__th.js:160
[ 1322114ms] [INFO] Net state changed from IDLE to BUSY @ https://script.google.com/static/macros/client/js/2244782800-warden_bin_i18n_warden__th.js:160
[ 1324739ms] [INFO] Net state changed from BUSY to IDLE @ https://script.google.com/static/macros/client/js/2244782800-warden_bin_i18n_warden__th.js:160
[ 1382119ms] [INFO] Net state changed from IDLE to BUSY @ https://script.google.com/static/macros/client/js/2244782800-warden_bin_i18n_warden__th.js:160
[ 1384058ms] [INFO] Net state changed from BUSY to IDLE @ https://script.google.com/static/macros/client/js/2244782800-warden_bin_i18n_warden__th.js:160
[ 1442113ms] [INFO] Net state changed from IDLE to BUSY @ https://script.google.com/static/macros/client/js/2244782800-warden_bin_i18n_warden__th.js:160
[ 1443763ms] [INFO] Net state changed from BUSY to IDLE @ https://script.google.com/static/macros/client/js/2244782800-warden_bin_i18n_warden__th.js:160
[ 1502122ms] [INFO] Net state changed from IDLE to BUSY @ https://script.google.com/static/macros/client/js/2244782800-warden_bin_i18n_warden__th.js:160
[ 1503832ms] [INFO] Net state changed from BUSY to IDLE @ https://script.google.com/static/macros/client/js/2244782800-warden_bin_i18n_warden__th.js:160
[ 1562129ms] [INFO] Net state changed from IDLE to BUSY @ https://script.google.com/static/macros/client/js/2244782800-warden_bin_i18n_warden__th.js:160
[ 1564244ms] [INFO] Net state changed from BUSY to IDLE @ https://script.google.com/static/macros/client/js/2244782800-warden_bin_i18n_warden__th.js:160
[ 1622122ms] [INFO] Net state changed from IDLE to BUSY @ https://script.google.com/static/macros/client/js/2244782800-warden_bin_i18n_warden__th.js:160
[ 1623921ms] [INFO] Net state changed from BUSY to IDLE @ https://script.google.com/static/macros/client/js/2244782800-warden_bin_i18n_warden__th.js:160
[ 1682118ms] [INFO] Net state changed from IDLE to BUSY @ https://script.google.com/static/macros/client/js/2244782800-warden_bin_i18n_warden__th.js:160
[ 1683913ms] [INFO] Net state changed from BUSY to IDLE @ https://script.google.com/static/macros/client/js/2244782800-warden_bin_i18n_warden__th.js:160
[ 1742124ms] [INFO] Net state changed from IDLE to BUSY @ https://script.google.com/static/macros/client/js/2244782800-warden_bin_i18n_warden__th.js:160
[ 1743971ms] [INFO] Net state changed from BUSY to IDLE @ https://script.google.com/static/macros/client/js/2244782800-warden_bin_i18n_warden__th.js:160
[ 1802120ms] [INFO] Net state changed from IDLE to BUSY @ https://script.google.com/static/macros/client/js/2244782800-warden_bin_i18n_warden__th.js:160
[ 1803991ms] [INFO] Net state changed from BUSY to IDLE @ https://script.google.com/static/macros/client/js/2244782800-warden_bin_i18n_warden__th.js:160
[ 1862125ms] [INFO] Net state changed from IDLE to BUSY @ https://script.google.com/static/macros/client/js/2244782800-warden_bin_i18n_warden__th.js:160
[ 1864151ms] [INFO] Net state changed from BUSY to IDLE @ https://script.google.com/static/macros/client/js/2244782800-warden_bin_i18n_warden__th.js:160
[ 1922137ms] [INFO] Net state changed from IDLE to BUSY @ https://script.google.com/static/macros/client/js/2244782800-warden_bin_i18n_warden__th.js:160
[ 1924017ms] [INFO] Net state changed from BUSY to IDLE @ https://script.google.com/static/macros/client/js/2244782800-warden_bin_i18n_warden__th.js:160
[ 1982120ms] [INFO] Net state changed from IDLE to BUSY @ https://script.google.com/static/macros/client/js/2244782800-warden_bin_i18n_warden__th.js:160
[ 1984252ms] [INFO] Net state changed from BUSY to IDLE @ https://script.google.com/static/macros/client/js/2244782800-warden_bin_i18n_warden__th.js:160
[ 2042118ms] [INFO] Net state changed from IDLE to BUSY @ https://script.google.com/static/macros/client/js/2244782800-warden_bin_i18n_warden__th.js:160
[ 2044003ms] [INFO] Net state changed from BUSY to IDLE @ https://script.google.com/static/macros/client/js/2244782800-warden_bin_i18n_warden__th.js:160
[ 2102124ms] [INFO] Net state changed from IDLE to BUSY @ https://script.google.com/static/macros/client/js/2244782800-warden_bin_i18n_warden__th.js:160
[ 2103833ms] [INFO] Net state changed from BUSY to IDLE @ https://script.google.com/static/macros/client/js/2244782800-warden_bin_i18n_warden__th.js:160
[ 2162116ms] [INFO] Net state changed from IDLE to BUSY @ https://script.google.com/static/macros/client/js/2244782800-warden_bin_i18n_warden__th.js:160
[ 2164207ms] [INFO] Net state changed from BUSY to IDLE @ https://script.google.com/static/macros/client/js/2244782800-warden_bin_i18n_warden__th.js:160
[ 2222123ms] [INFO] Net state changed from IDLE to BUSY @ https://script.google.com/static/macros/client/js/2244782800-warden_bin_i18n_warden__th.js:160
[ 2223881ms] [INFO] Net state changed from BUSY to IDLE @ https://script.google.com/static/macros/client/js/2244782800-warden_bin_i18n_warden__th.js:160
[ 2282138ms] [INFO] Net state changed from IDLE to BUSY @ https://script.google.com/static/macros/client/js/2244782800-warden_bin_i18n_warden__th.js:160
[ 2284046ms] [INFO] Net state changed from BUSY to IDLE @ https://script.google.com/static/macros/client/js/2244782800-warden_bin_i18n_warden__th.js:160
[ 2342124ms] [INFO] Net state changed from IDLE to BUSY @ https://script.google.com/static/macros/client/js/2244782800-warden_bin_i18n_warden__th.js:160
[ 2345235ms] [INFO] Net state changed from BUSY to IDLE @ https://script.google.com/static/macros/client/js/2244782800-warden_bin_i18n_warden__th.js:160
[ 2402113ms] [INFO] Net state changed from IDLE to BUSY @ https://script.google.com/static/macros/client/js/2244782800-warden_bin_i18n_warden__th.js:160
[ 2404457ms] [INFO] Net state changed from BUSY to IDLE @ https://script.google.com/static/macros/client/js/2244782800-warden_bin_i18n_warden__th.js:160
[ 2462126ms] [INFO] Net state changed from IDLE to BUSY @ https://script.google.com/static/macros/client/js/2244782800-warden_bin_i18n_warden__th.js:160
[ 2464773ms] [INFO] Net state changed from BUSY to IDLE @ https://script.google.com/static/macros/client/js/2244782800-warden_bin_i18n_warden__th.js:160
[ 2508289ms] [INFO] Net state changed from IDLE to BUSY @ https://script.google.com/static/macros/client/js/2244782800-warden_bin_i18n_warden__th.js:160
[ 2510306ms] [INFO] Net state changed from BUSY to IDLE @ https://script.google.com/static/macros/client/js/2244782800-warden_bin_i18n_warden__th.js:160
[ 2511508ms] [INFO] Net state changed from IDLE to BUSY @ https://script.google.com/static/macros/client/js/2244782800-warden_bin_i18n_warden__th.js:160
[ 2513441ms] [INFO] Net state changed from BUSY to IDLE @ https://script.google.com/static/macros/client/js/2244782800-warden_bin_i18n_warden__th.js:160
[ 2522113ms] [INFO] Net state changed from IDLE to BUSY @ https://script.google.com/static/macros/client/js/2244782800-warden_bin_i18n_warden__th.js:160
[ 2523881ms] [INFO] Net state changed from BUSY to IDLE @ https://script.google.com/static/macros/client/js/2244782800-warden_bin_i18n_warden__th.js:160
[ 2531193ms] [INFO] Net state changed from IDLE to BUSY @ https://script.google.com/static/macros/client/js/2244782800-warden_bin_i18n_warden__th.js:160
[ 2532645ms] [INFO] Net state changed from BUSY to IDLE @ https://script.google.com/static/macros/client/js/2244782800-warden_bin_i18n_warden__th.js:160
[ 2540514ms] [INFO] Net state changed from IDLE to BUSY @ https://script.google.com/static/macros/client/js/2244782800-warden_bin_i18n_warden__th.js:160
[ 2542001ms] [INFO] Net state changed from BUSY to IDLE @ https://script.google.com/static/macros/client/js/2244782800-warden_bin_i18n_warden__th.js:160
[ 2549008ms] [INFO] Net state changed from IDLE to BUSY @ https://script.google.com/static/macros/client/js/2244782800-warden_bin_i18n_warden__th.js:160
[ 2550342ms] [INFO] Net state changed from BUSY to IDLE @ https://script.google.com/static/macros/client/js/2244782800-warden_bin_i18n_warden__th.js:160
[ 2552124ms] [INFO] Net state changed from IDLE to BUSY @ https://script.google.com/static/macros/client/js/2244782800-warden_bin_i18n_warden__th.js:160
[ 2553778ms] [INFO] Net state changed from BUSY to IDLE @ https://script.google.com/static/macros/client/js/2244782800-warden_bin_i18n_warden__th.js:160
[ 2566004ms] [INFO] Net state changed from IDLE to BUSY @ https://script.google.com/static/macros/client/js/2244782800-warden_bin_i18n_warden__th.js:160
[ 2567474ms] [INFO] Net state changed from BUSY to IDLE @ https://script.google.com/static/macros/client/js/2244782800-warden_bin_i18n_warden__th.js:160
[ 2571339ms] [INFO] Net state changed from IDLE to BUSY @ https://script.google.com/static/macros/client/js/2244782800-warden_bin_i18n_warden__th.js:160
[ 2572950ms] [INFO] Net state changed from BUSY to IDLE @ https://script.google.com/static/macros/client/js/2244782800-warden_bin_i18n_warden__th.js:160
[ 2575033ms] [INFO] Net state changed from IDLE to BUSY @ https://script.google.com/static/macros/client/js/2244782800-warden_bin_i18n_warden__th.js:160
[ 2576326ms] [INFO] Net state changed from BUSY to IDLE @ https://script.google.com/static/macros/client/js/2244782800-warden_bin_i18n_warden__th.js:160
[ 2582115ms] [INFO] Net state changed from IDLE to BUSY @ https://script.google.com/static/macros/client/js/2244782800-warden_bin_i18n_warden__th.js:160
[ 2583764ms] [INFO] Net state changed from BUSY to IDLE @ https://script.google.com/static/macros/client/js/2244782800-warden_bin_i18n_warden__th.js:160
[ 2583767ms] [INFO] Net state changed from IDLE to BUSY @ https://script.google.com/static/macros/client/js/2244782800-warden_bin_i18n_warden__th.js:160
[ 2585204ms] [INFO] Net state changed from BUSY to IDLE @ https://script.google.com/static/macros/client/js/2244782800-warden_bin_i18n_warden__th.js:160
[ 2642115ms] [INFO] Net state changed from IDLE to BUSY @ https://script.google.com/static/macros/client/js/2244782800-warden_bin_i18n_warden__th.js:160
[ 2643752ms] [INFO] Net state changed from BUSY to IDLE @ https://script.google.com/static/macros/client/js/2244782800-warden_bin_i18n_warden__th.js:160
[ 2702118ms] [INFO] Net state changed from IDLE to BUSY @ https://script.google.com/static/macros/client/js/2244782800-warden_bin_i18n_warden__th.js:160
[ 2709559ms] [INFO] Net state changed from BUSY to IDLE @ https://script.google.com/static/macros/client/js/2244782800-warden_bin_i18n_warden__th.js:160
[ 2762114ms] [INFO] Net state changed from IDLE to BUSY @ https://script.google.com/static/macros/client/js/2244782800-warden_bin_i18n_warden__th.js:160
[ 2763875ms] [INFO] Net state changed from BUSY to IDLE @ https://script.google.com/static/macros/client/js/2244782800-warden_bin_i18n_warden__th.js:160
[ 2822123ms] [INFO] Net state changed from IDLE to BUSY @ https://script.google.com/static/macros/client/js/2244782800-warden_bin_i18n_warden__th.js:160
[ 2823906ms] [INFO] Net state changed from BUSY to IDLE @ https://script.google.com/static/macros/client/js/2244782800-warden_bin_i18n_warden__th.js:160
[ 2882122ms] [INFO] Net state changed from IDLE to BUSY @ https://script.google.com/static/macros/client/js/2244782800-warden_bin_i18n_warden__th.js:160
[ 2884139ms] [INFO] Net state changed from BUSY to IDLE @ https://script.google.com/static/macros/client/js/2244782800-warden_bin_i18n_warden__th.js:160
[ 2942120ms] [INFO] Net state changed from IDLE to BUSY @ https://script.google.com/static/macros/client/js/2244782800-warden_bin_i18n_warden__th.js:160
[ 2945035ms] [INFO] Net state changed from BUSY to IDLE @ https://script.google.com/static/macros/client/js/2244782800-warden_bin_i18n_warden__th.js:160
[ 3002116ms] [INFO] Net state changed from IDLE to BUSY @ https://script.google.com/static/macros/client/js/2244782800-warden_bin_i18n_warden__th.js:160
[ 3004180ms] [INFO] Net state changed from BUSY to IDLE @ https://script.google.com/static/macros/client/js/2244782800-warden_bin_i18n_warden__th.js:160
[ 3062116ms] [INFO] Net state changed from IDLE to BUSY @ https://script.google.com/static/macros/client/js/2244782800-warden_bin_i18n_warden__th.js:160
[ 3063805ms] [INFO] Net state changed from BUSY to IDLE @ https://script.google.com/static/macros/client/js/2244782800-warden_bin_i18n_warden__th.js:160
[ 3122115ms] [INFO] Net state changed from IDLE to BUSY @ https://script.google.com/static/macros/client/js/2244782800-warden_bin_i18n_warden__th.js:160
[ 3123886ms] [INFO] Net state changed from BUSY to IDLE @ https://script.google.com/static/macros/client/js/2244782800-warden_bin_i18n_warden__th.js:160
[ 3182120ms] [INFO] Net state changed from IDLE to BUSY @ https://script.google.com/static/macros/client/js/2244782800-warden_bin_i18n_warden__th.js:160
[ 3184385ms] [INFO] Net state changed from BUSY to IDLE @ https://script.google.com/static/macros/client/js/2244782800-warden_bin_i18n_warden__th.js:160
[ 3242123ms] [INFO] Net state changed from IDLE to BUSY @ https://script.google.com/static/macros/client/js/2244782800-warden_bin_i18n_warden__th.js:160
[ 3243864ms] [INFO] Net state changed from BUSY to IDLE @ https://script.google.com/static/macros/client/js/2244782800-warden_bin_i18n_warden__th.js:160
[ 3302124ms] [INFO] Net state changed from IDLE to BUSY @ https://script.google.com/static/macros/client/js/2244782800-warden_bin_i18n_warden__th.js:160
[ 3303833ms] [INFO] Net state changed from BUSY to IDLE @ https://script.google.com/static/macros/client/js/2244782800-warden_bin_i18n_warden__th.js:160
[ 3362116ms] [INFO] Net state changed from IDLE to BUSY @ https://script.google.com/static/macros/client/js/2244782800-warden_bin_i18n_warden__th.js:160
[ 3363831ms] [INFO] Net state changed from BUSY to IDLE @ https://script.google.com/static/macros/client/js/2244782800-warden_bin_i18n_warden__th.js:160
[ 3422126ms] [INFO] Net state changed from IDLE to BUSY @ https://script.google.com/static/macros/client/js/2244782800-warden_bin_i18n_warden__th.js:160
[ 3423908ms] [INFO] Net state changed from BUSY to IDLE @ https://script.google.com/static/macros/client/js/2244782800-warden_bin_i18n_warden__th.js:160
[ 3482120ms] [INFO] Net state changed from IDLE to BUSY @ https://script.google.com/static/macros/client/js/2244782800-warden_bin_i18n_warden__th.js:160
[ 3483653ms] [INFO] Net state changed from BUSY to IDLE @ https://script.google.com/static/macros/client/js/2244782800-warden_bin_i18n_warden__th.js:160
[ 3542112ms] [INFO] Net state changed from IDLE to BUSY @ https://script.google.com/static/macros/client/js/2244782800-warden_bin_i18n_warden__th.js:160
[ 3544033ms] [INFO] Net state changed from BUSY to IDLE @ https://script.google.com/static/macros/client/js/2244782800-warden_bin_i18n_warden__th.js:160
[ 3602122ms] [INFO] Net state changed from IDLE to BUSY @ https://script.google.com/static/macros/client/js/2244782800-warden_bin_i18n_warden__th.js:160
[ 3603958ms] [INFO] Net state changed from BUSY to IDLE @ https://script.google.com/static/macros/client/js/2244782800-warden_bin_i18n_warden__th.js:160
[ 3662113ms] [INFO] Net state changed from IDLE to BUSY @ https://script.google.com/static/macros/client/js/2244782800-warden_bin_i18n_warden__th.js:160
[ 3664039ms] [INFO] Net state changed from BUSY to IDLE @ https://script.google.com/static/macros/client/js/2244782800-warden_bin_i18n_warden__th.js:160
[ 3722123ms] [INFO] Net state changed from IDLE to BUSY @ https://script.google.com/static/macros/client/js/2244782800-warden_bin_i18n_warden__th.js:160
[ 3724441ms] [INFO] Net state changed from BUSY to IDLE @ https://script.google.com/static/macros/client/js/2244782800-warden_bin_i18n_warden__th.js:160
[ 3782118ms] [INFO] Net state changed from IDLE to BUSY @ https://script.google.com/static/macros/client/js/2244782800-warden_bin_i18n_warden__th.js:160
[ 3783905ms] [INFO] Net state changed from BUSY to IDLE @ https://script.google.com/static/macros/client/js/2244782800-warden_bin_i18n_warden__th.js:160
[ 3842121ms] [INFO] Net state changed from IDLE to BUSY @ https://script.google.com/static/macros/client/js/2244782800-warden_bin_i18n_warden__th.js:160
[ 3844118ms] [INFO] Net state changed from BUSY to IDLE @ https://script.google.com/static/macros/client/js/2244782800-warden_bin_i18n_warden__th.js:160
[ 3902123ms] [INFO] Net state changed from IDLE to BUSY @ https://script.google.com/static/macros/client/js/2244782800-warden_bin_i18n_warden__th.js:160
[ 3942055ms] [INFO] Net state changed from BUSY to IDLE @ https://script.google.com/static/macros/client/js/2244782800-warden_bin_i18n_warden__th.js:160
[ 3962119ms] [INFO] Net state changed from IDLE to BUSY @ https://script.google.com/static/macros/client/js/2244782800-warden_bin_i18n_warden__th.js:160
[ 3964155ms] [INFO] Net state changed from BUSY to IDLE @ https://script.google.com/static/macros/client/js/2244782800-warden_bin_i18n_warden__th.js:160
[ 4022116ms] [INFO] Net state changed from IDLE to BUSY @ https://script.google.com/static/macros/client/js/2244782800-warden_bin_i18n_warden__th.js:160
[ 4023841ms] [INFO] Net state changed from BUSY to IDLE @ https://script.google.com/static/macros/client/js/2244782800-warden_bin_i18n_warden__th.js:160
[ 4082120ms] [INFO] Net state changed from IDLE to BUSY @ https://script.google.com/static/macros/client/js/2244782800-warden_bin_i18n_warden__th.js:160
[ 4084005ms] [INFO] Net state changed from BUSY to IDLE @ https://script.google.com/static/macros/client/js/2244782800-warden_bin_i18n_warden__th.js:160
[ 4142112ms] [INFO] Net state changed from IDLE to BUSY @ https://script.google.com/static/macros/client/js/2244782800-warden_bin_i18n_warden__th.js:160
[ 4144016ms] [INFO] Net state changed from BUSY to IDLE @ https://script.google.com/static/macros/client/js/2244782800-warden_bin_i18n_warden__th.js:160
[ 4165767ms] [INFO] Net state changed from IDLE to BUSY @ https://script.google.com/static/macros/client/js/2244782800-warden_bin_i18n_warden__th.js:160
[ 4167162ms] [INFO] Net state changed from BUSY to IDLE @ https://script.google.com/static/macros/client/js/2244782800-warden_bin_i18n_warden__th.js:160
[ 4178047ms] [INFO] Net state changed from IDLE to BUSY @ https://script.google.com/static/macros/client/js/2244782800-warden_bin_i18n_warden__th.js:160
[ 4179529ms] [INFO] Net state changed from BUSY to IDLE @ https://script.google.com/static/macros/client/js/2244782800-warden_bin_i18n_warden__th.js:160
[ 4202114ms] [INFO] Net state changed from IDLE to BUSY @ https://script.google.com/static/macros/client/js/2244782800-warden_bin_i18n_warden__th.js:160
[ 4203591ms] [INFO] Net state changed from BUSY to IDLE @ https://script.google.com/static/macros/client/js/2244782800-warden_bin_i18n_warden__th.js:160
[ 4262116ms] [INFO] Net state changed from IDLE to BUSY @ https://script.google.com/static/macros/client/js/2244782800-warden_bin_i18n_warden__th.js:160
[ 4264500ms] [INFO] Net state changed from BUSY to IDLE @ https://script.google.com/static/macros/client/js/2244782800-warden_bin_i18n_warden__th.js:160
[ 4322124ms] [INFO] Net state changed from IDLE to BUSY @ https://script.google.com/static/macros/client/js/2244782800-warden_bin_i18n_warden__th.js:160
[ 4323864ms] [INFO] Net state changed from BUSY to IDLE @ https://script.google.com/static/macros/client/js/2244782800-warden_bin_i18n_warden__th.js:160
[ 4382127ms] [INFO] Net state changed from IDLE to BUSY @ https://script.google.com/static/macros/client/js/2244782800-warden_bin_i18n_warden__th.js:160
[ 4383963ms] [INFO] Net state changed from BUSY to IDLE @ https://script.google.com/static/macros/client/js/2244782800-warden_bin_i18n_warden__th.js:160
[ 4442118ms] [INFO] Net state changed from IDLE to BUSY @ https://script.google.com/static/macros/client/js/2244782800-warden_bin_i18n_warden__th.js:160
[ 4444186ms] [INFO] Net state changed from BUSY to IDLE @ https://script.google.com/static/macros/client/js/2244782800-warden_bin_i18n_warden__th.js:160
[ 4502112ms] [INFO] Net state changed from IDLE to BUSY @ https://script.google.com/static/macros/client/js/2244782800-warden_bin_i18n_warden__th.js:160
[ 4505402ms] [INFO] Net state changed from BUSY to IDLE @ https://script.google.com/static/macros/client/js/2244782800-warden_bin_i18n_warden__th.js:160
[ 4563463ms] [INFO] Net state changed from IDLE to BUSY @ https://script.google.com/static/macros/client/js/2244782800-warden_bin_i18n_warden__th.js:160
[ 4565107ms] [INFO] Net state changed from BUSY to IDLE @ https://script.google.com/static/macros/client/js/2244782800-warden_bin_i18n_warden__th.js:160
[ 4623471ms] [INFO] Net state changed from IDLE to BUSY @ https://script.google.com/static/macros/client/js/2244782800-warden_bin_i18n_warden__th.js:160
[ 4625546ms] [INFO] Net state changed from BUSY to IDLE @ https://script.google.com/static/macros/client/js/2244782800-warden_bin_i18n_warden__th.js:160
[ 4683464ms] [INFO] Net state changed from IDLE to BUSY @ https://script.google.com/static/macros/client/js/2244782800-warden_bin_i18n_warden__th.js:160
[ 4685538ms] [INFO] Net state changed from BUSY to IDLE @ https://script.google.com/static/macros/client/js/2244782800-warden_bin_i18n_warden__th.js:160
[ 4743462ms] [INFO] Net state changed from IDLE to BUSY @ https://script.google.com/static/macros/client/js/2244782800-warden_bin_i18n_warden__th.js:160
[ 4745358ms] [INFO] Net state changed from BUSY to IDLE @ https://script.google.com/static/macros/client/js/2244782800-warden_bin_i18n_warden__th.js:160
[ 4803461ms] [INFO] Net state changed from IDLE to BUSY @ https://script.google.com/static/macros/client/js/2244782800-warden_bin_i18n_warden__th.js:160
[ 4805517ms] [INFO] Net state changed from BUSY to IDLE @ https://script.google.com/static/macros/client/js/2244782800-warden_bin_i18n_warden__th.js:160
[ 4863470ms] [INFO] Net state changed from IDLE to BUSY @ https://script.google.com/static/macros/client/js/2244782800-warden_bin_i18n_warden__th.js:160
[ 4865516ms] [INFO] Net state changed from BUSY to IDLE @ https://script.google.com/static/macros/client/js/2244782800-warden_bin_i18n_warden__th.js:160
[ 4923463ms] [INFO] Net state changed from IDLE to BUSY @ https://script.google.com/static/macros/client/js/2244782800-warden_bin_i18n_warden__th.js:160
[ 4925809ms] [INFO] Net state changed from BUSY to IDLE @ https://script.google.com/static/macros/client/js/2244782800-warden_bin_i18n_warden__th.js:160
[ 4983468ms] [INFO] Net state changed from IDLE to BUSY @ https://script.google.com/static/macros/client/js/2244782800-warden_bin_i18n_warden__th.js:160
[ 4985149ms] [INFO] Net state changed from BUSY to IDLE @ https://script.google.com/static/macros/client/js/2244782800-warden_bin_i18n_warden__th.js:160
[ 5043459ms] [INFO] Net state changed from IDLE to BUSY @ https://script.google.com/static/macros/client/js/2244782800-warden_bin_i18n_warden__th.js:160
[ 5045398ms] [INFO] Net state changed from BUSY to IDLE @ https://script.google.com/static/macros/client/js/2244782800-warden_bin_i18n_warden__th.js:160
[ 5103459ms] [INFO] Net state changed from IDLE to BUSY @ https://script.google.com/static/macros/client/js/2244782800-warden_bin_i18n_warden__th.js:160
[ 5105206ms] [INFO] Net state changed from BUSY to IDLE @ https://script.google.com/static/macros/client/js/2244782800-warden_bin_i18n_warden__th.js:160
[ 5163466ms] [INFO] Net state changed from IDLE to BUSY @ https://script.google.com/static/macros/client/js/2244782800-warden_bin_i18n_warden__th.js:160
[ 5165304ms] [INFO] Net state changed from BUSY to IDLE @ https://script.google.com/static/macros/client/js/2244782800-warden_bin_i18n_warden__th.js:160
[ 5223462ms] [INFO] Net state changed from IDLE to BUSY @ https://script.google.com/static/macros/client/js/2244782800-warden_bin_i18n_warden__th.js:160
[ 5225229ms] [INFO] Net state changed from BUSY to IDLE @ https://script.google.com/static/macros/client/js/2244782800-warden_bin_i18n_warden__th.js:160
[ 5283462ms] [INFO] Net state changed from IDLE to BUSY @ https://script.google.com/static/macros/client/js/2244782800-warden_bin_i18n_warden__th.js:160
[ 5285442ms] [INFO] Net state changed from BUSY to IDLE @ https://script.google.com/static/macros/client/js/2244782800-warden_bin_i18n_warden__th.js:160
[ 5343460ms] [INFO] Net state changed from IDLE to BUSY @ https://script.google.com/static/macros/client/js/2244782800-warden_bin_i18n_warden__th.js:160
[ 5345102ms] [INFO] Net state changed from BUSY to IDLE @ https://script.google.com/static/macros/client/js/2244782800-warden_bin_i18n_warden__th.js:160
[ 5403461ms] [INFO] Net state changed from IDLE to BUSY @ https://script.google.com/static/macros/client/js/2244782800-warden_bin_i18n_warden__th.js:160
[ 5405045ms] [INFO] Net state changed from BUSY to IDLE @ https://script.google.com/static/macros/client/js/2244782800-warden_bin_i18n_warden__th.js:160
[ 5463466ms] [INFO] Net state changed from IDLE to BUSY @ https://script.google.com/static/macros/client/js/2244782800-warden_bin_i18n_warden__th.js:160
[ 5465250ms] [INFO] Net state changed from BUSY to IDLE @ https://script.google.com/static/macros/client/js/2244782800-warden_bin_i18n_warden__th.js:160
[ 5523460ms] [INFO] Net state changed from IDLE to BUSY @ https://script.google.com/static/macros/client/js/2244782800-warden_bin_i18n_warden__th.js:160
[ 5525327ms] [INFO] Net state changed from BUSY to IDLE @ https://script.google.com/static/macros/client/js/2244782800-warden_bin_i18n_warden__th.js:160
[ 5583469ms] [INFO] Net state changed from IDLE to BUSY @ https://script.google.com/static/macros/client/js/2244782800-warden_bin_i18n_warden__th.js:160
[ 5585470ms] [INFO] Net state changed from BUSY to IDLE @ https://script.google.com/static/macros/client/js/2244782800-warden_bin_i18n_warden__th.js:160
[ 5643471ms] [INFO] Net state changed from IDLE to BUSY @ https://script.google.com/static/macros/client/js/2244782800-warden_bin_i18n_warden__th.js:160
[ 5646590ms] [INFO] Net state changed from BUSY to IDLE @ https://script.google.com/static/macros/client/js/2244782800-warden_bin_i18n_warden__th.js:160
[ 5703471ms] [INFO] Net state changed from IDLE to BUSY @ https://script.google.com/static/macros/client/js/2244782800-warden_bin_i18n_warden__th.js:160
[ 5709647ms] [INFO] Net state changed from BUSY to IDLE @ https://script.google.com/static/macros/client/js/2244782800-warden_bin_i18n_warden__th.js:160
