[     495ms] [LOG] protocol https: @ https://tiwrmdev.hii.or.th/v3/resources/themes/thaiwater-fifteen/js/sealevel/graph2.js:262
[     495ms] [LOG] hostname tiwrmdev.hii.or.th @ https://tiwrmdev.hii.or.th/v3/resources/themes/thaiwater-fifteen/js/sealevel/graph2.js:263
[     495ms] [LOG] url http://tiwrmdev.hii.or.th/thaiwater_l5/public/sealevel @ https://tiwrmdev.hii.or.th/v3/resources/themes/thaiwater-fifteen/js/sealevel/graph2.js:288
[     496ms] [ERROR] Mixed Content: The page at 'https://tiwrmdev.hii.or.th/v3/sealevel/graph2/station_id=N04' was loaded over HTTPS, but requested an insecure XMLHttpRequest endpoint 'http://tiwrmdev.hii.or.th/thaiwater_l5/public/sealevel/graph2/search?station_id%5B0%5D%5B%5D=N04&dtype=haii_tidal&sdate=2026-06-13&edate=2026-06-20&_token=Utmx7yEPsSOgFDFcp7L9d1cmO6stcf4gYi0Zk1yS'. This request has been blocked; the content must be served over HTTPS. @ https://tiwrmdev.hii.or.th/v3/vendor/jquery/dist/jquery.min.js:3
[    3253ms] [LOG] protocol https: @ https://tiwrmdev.hii.or.th/v3/resources/themes/thaiwater-fifteen/js/sealevel/graph2.js:262
[    3253ms] [LOG] hostname tiwrmdev.hii.or.th @ https://tiwrmdev.hii.or.th/v3/resources/themes/thaiwater-fifteen/js/sealevel/graph2.js:263
[    3253ms] [LOG] url http://tiwrmdev.hii.or.th/thaiwater_l5/public/sealevel @ https://tiwrmdev.hii.or.th/v3/resources/themes/thaiwater-fifteen/js/sealevel/graph2.js:288
[    3254ms] [ERROR] Mixed Content: The page at 'https://tiwrmdev.hii.or.th/v3/sealevel/graph2/station_id=N04' was loaded over HTTPS, but requested an insecure XMLHttpRequest endpoint 'http://tiwrmdev.hii.or.th/thaiwater_l5/public/sealevel/graph2/search?station_id%5B0%5D%5B%5D=N04&dtype=haii_tidal&sdate=2026-06-13&edate=2026-06-20&_token=Utmx7yEPsSOgFDFcp7L9d1cmO6stcf4gYi0Zk1yS'. This request has been blocked; the content must be served over HTTPS. @ https://tiwrmdev.hii.or.th/v3/vendor/jquery/dist/jquery.min.js:3
[   13251ms] [LOG] protocol https: @ https://tiwrmdev.hii.or.th/v3/resources/themes/thaiwater-fifteen/js/sealevel/graph2.js:262
[   13251ms] [LOG] hostname tiwrmdev.hii.or.th @ https://tiwrmdev.hii.or.th/v3/resources/themes/thaiwater-fifteen/js/sealevel/graph2.js:263
[   13251ms] [LOG] url http://tiwrmdev.hii.or.th/thaiwater_l5/public/sealevel @ https://tiwrmdev.hii.or.th/v3/resources/themes/thaiwater-fifteen/js/sealevel/graph2.js:288
[   13251ms] [ERROR] Mixed Content: The page at 'https://tiwrmdev.hii.or.th/v3/sealevel/graph2/station_id=N04' was loaded over HTTPS, but requested an insecure XMLHttpRequest endpoint 'http://tiwrmdev.hii.or.th/thaiwater_l5/public/sealevel/graph2/search?station_id%5B0%5D%5B%5D=N04&dtype=haii_tidal&sdate=2024-04-01&edate=2026-06-20&_token=Utmx7yEPsSOgFDFcp7L9d1cmO6stcf4gYi0Zk1yS'. This request has been blocked; the content must be served over HTTPS. @ https://tiwrmdev.hii.or.th/v3/vendor/jquery/dist/jquery.min.js:3
[   41495ms] [LOG] protocol https: @ https://tiwrmdev.hii.or.th/v3/resources/themes/thaiwater-fifteen/js/sealevel/graph2.js:262
[   41495ms] [LOG] hostname tiwrmdev.hii.or.th @ https://tiwrmdev.hii.or.th/v3/resources/themes/thaiwater-fifteen/js/sealevel/graph2.js:263
[   41495ms] [LOG] url http://tiwrmdev.hii.or.th/thaiwater_l5/public/sealevel @ https://tiwrmdev.hii.or.th/v3/resources/themes/thaiwater-fifteen/js/sealevel/graph2.js:288
[   41495ms] [ERROR] Mixed Content: The page at 'https://tiwrmdev.hii.or.th/v3/sealevel/graph2/station_id=N04' was loaded over HTTPS, but requested an insecure XMLHttpRequest endpoint 'http://tiwrmdev.hii.or.th/thaiwater_l5/public/sealevel/graph2/search?station_id%5B0%5D%5B%5D=N04&dtype=haii_tidal&sdate=2024-04-01&edate=2026-06-20&_token=Utmx7yEPsSOgFDFcp7L9d1cmO6stcf4gYi0Zk1yS'. This request has been blocked; the content must be served over HTTPS. @ https://tiwrmdev.hii.or.th/v3/vendor/jquery/dist/jquery.min.js:3
[   48972ms] [LOG] protocol https: @ https://tiwrmdev.hii.or.th/v3/resources/themes/thaiwater-fifteen/js/sealevel/graph2.js:262
[   48972ms] [LOG] hostname tiwrmdev.hii.or.th @ https://tiwrmdev.hii.or.th/v3/resources/themes/thaiwater-fifteen/js/sealevel/graph2.js:263
[   48972ms] [LOG] url http://tiwrmdev.hii.or.th/thaiwater_l5/public/sealevel @ https://tiwrmdev.hii.or.th/v3/resources/themes/thaiwater-fifteen/js/sealevel/graph2.js:288
[   48972ms] [ERROR] Mixed Content: The page at 'https://tiwrmdev.hii.or.th/v3/sealevel/graph2/station_id=N04' was loaded over HTTPS, but requested an insecure XMLHttpRequest endpoint 'http://tiwrmdev.hii.or.th/thaiwater_l5/public/sealevel/graph2/search?station_id%5B0%5D%5B%5D=N04&dtype=haii_tidal&sdate=2024-04-01&edate=2026-06-20&_token=Utmx7yEPsSOgFDFcp7L9d1cmO6stcf4gYi0Zk1yS'. This request has been blocked; the content must be served over HTTPS. @ https://tiwrmdev.hii.or.th/v3/vendor/jquery/dist/jquery.min.js:3
[   52137ms] [LOG] protocol https: @ https://tiwrmdev.hii.or.th/v3/resources/themes/thaiwater-fifteen/js/sealevel/graph2.js:262
[   52137ms] [LOG] hostname tiwrmdev.hii.or.th @ https://tiwrmdev.hii.or.th/v3/resources/themes/thaiwater-fifteen/js/sealevel/graph2.js:263
[   52137ms] [LOG] url http://tiwrmdev.hii.or.th/thaiwater_l5/public/sealevel @ https://tiwrmdev.hii.or.th/v3/resources/themes/thaiwater-fifteen/js/sealevel/graph2.js:288
[   52137ms] [ERROR] Mixed Content: The page at 'https://tiwrmdev.hii.or.th/v3/sealevel/graph2/station_id=N04' was loaded over HTTPS, but requested an insecure XMLHttpRequest endpoint 'http://tiwrmdev.hii.or.th/thaiwater_l5/public/sealevel/graph2/search?sdate=2024-04-01&edate=2026-06-20&_token=Utmx7yEPsSOgFDFcp7L9d1cmO6stcf4gYi0Zk1yS'. This request has been blocked; the content must be served over HTTPS. @ https://tiwrmdev.hii.or.th/v3/vendor/jquery/dist/jquery.min.js:3
